2025-03-12T08:27:22.925412Z  INFO telemetry: job_telemetry_init artifact_type=installed branch=origin/dd3eb5168b55ef3ccec6c2ca0e94c4d69f8dcd2a ci_number=20250303.2 ci_name=CommonRuntime-Linux-prod-build-OneBranchOfficial build_time=2025-03-03 22:14:59.382080
2025-03-12T08:27:22.930130Z  INFO run_execution_wrapper: execution_wrapper: Successfully dumped bootstrapping environment to file
2025-03-12T08:27:22.930422Z  INFO run_execution_wrapper: execution_wrapper: Enable std log streaming is not specified in executor configuration, default to not stream logs to stdout and stderr
2025-03-12T08:27:22.930549Z  INFO run_execution_wrapper: execution_wrapper: Enable termination signal handling is not specified in executor configuration, default to ignore termination signals
2025-03-12T08:27:22.930864Z  INFO run_execution_wrapper: execution_wrapper: Executor config not provided, certificates will not be updated.
2025-03-12T08:27:22.931627Z  INFO run_execution_wrapper:execution-wrapper::run_service{path_mapping_kind=None error_pattern_json_files_post_execution=None error_pattern_json_file_mid_execution=None enable_std_log_streaming=false skip_user_log_file_generation=false enable_termination_signal_handling=false}: execution_wrapper::service: serving execution service at executor_address=/mnt/azureml/cr/j/e9e9aea9df4c436fa18093ab294d0927/.grpc/executor:0
2025-03-12T08:27:22.931887Z  INFO run_execution_wrapper:execution-wrapper::run_service{path_mapping_kind=None error_pattern_json_files_post_execution=None error_pattern_json_file_mid_execution=None enable_std_log_streaming=false skip_user_log_file_generation=false enable_termination_signal_handling=false}: cr_core: Successfully configured current process to ignore termination signals
2025-03-12T08:27:22.932373Z  INFO run_execution_wrapper:execution-wrapper::run_service{path_mapping_kind=None error_pattern_json_files_post_execution=None error_pattern_json_file_mid_execution=None enable_std_log_streaming=false skip_user_log_file_generation=false enable_termination_signal_handling=false}:serve: grpc_utils::endpoint::serve: serving gRPC service endpoint=Uds("/mnt/azureml/cr/j/e9e9aea9df4c436fa18093ab294d0927/.grpc/executor:0") retry=ExponentialBackoffRetry { retry_delay_secs: 2, delay_factor: 1000, num_retries: 3 }
2025-03-12T08:27:35.475925Z  INFO ExecutionServicer::run: grpc_utils::server: Got grpc request request_name="run" remote_addr=None
2025-03-12T08:27:35.476013Z  INFO ExecutionServicer::run:ExecutionServicer::spawn_execution{wait_execution_completion=false}: execution_wrapper::service: spawn_execution request id="940e0e2f-67c2-468c-a927-6a515e6edbc1" client_address=Some("/mnt/azureml/cr/j/e9e9aea9df4c436fa18093ab294d0927/.grpc/lifecycler:0")
2025-03-12T08:27:35.476605Z  WARN ExecutionServicer::run:ExecutionServicer::spawn_execution{wait_execution_completion=false}:inject_legacy_env_vars: execution_wrapper::legacy_env_vars: Skip injecting legacy env vars, distributed config is None, setting only the defaults
2025-03-12T08:27:35.476654Z  INFO ExecutionServicer::run:ExecutionServicer::spawn_execution{wait_execution_completion=false}:inject_legacy_env_vars: execution_wrapper::legacy_env_vars: Injecting AZ_BATCHAI_JOB_WORK_DIR=/mnt/azureml/cr/j/e9e9aea9df4c436fa18093ab294d0927/exe/wd working_dir="/mnt/azureml/cr/j/e9e9aea9df4c436fa18093ab294d0927/exe/wd"
2025-03-12T08:27:35.476684Z  INFO ExecutionServicer::run:ExecutionServicer::spawn_execution{wait_execution_completion=false}:inject_legacy_env_vars: execution_wrapper::legacy_env_vars: Injecting AZUREML_PROCESS_NAME=main as default
2025-03-12T08:27:35.476881Z  INFO ExecutionServicer::run:ExecutionServicer::spawn_execution{wait_execution_completion=false}:inject_legacy_env_vars:get_gpu_count: execution_wrapper::common: Get ComputeContext from env success compute_context=ComputeContext { cluster_name: "cpu-cluster", node_id: Literal("tvmps_4c3cd591dad5ba03bdab6330a2e038c58cde5a0440e9b6fd4addd11221d5468a_d"), vm_id: Some("a2911e07-a340-4836-b3d3-3a1af003a1a8"), run_attempt_count: 1, gpu_count: Some(0), vm_size: Some("STANDARD_DS2_V2"), readable_cluster_name: Some("cpu-cluster"), vm_priority: Some(Dedicated), use_vnet_or_private_link: false }
2025-03-12T08:27:35.476922Z  INFO ExecutionServicer::run:ExecutionServicer::spawn_execution{wait_execution_completion=false}:inject_legacy_env_vars:get_gpu_count: execution_wrapper::common: close time.busy=170µs time.idle=5.30µs
2025-03-12T08:27:35.476990Z  INFO ExecutionServicer::run:ExecutionServicer::spawn_execution{wait_execution_completion=false}:inject_legacy_env_vars:override_dc_env_vars: execution_wrapper::dc_env_vars: Updated env AZUREML_CR_EXECUTOR_CONFIG for spawned process
2025-03-12T08:27:35.477020Z  INFO ExecutionServicer::run:ExecutionServicer::spawn_execution{wait_execution_completion=false}:inject_legacy_env_vars:override_dc_env_vars: execution_wrapper::dc_env_vars: Env var AZUREML_CR_DISTRIBUTED_CONFIG is empty for current process
2025-03-12T08:27:35.477034Z  INFO ExecutionServicer::run:ExecutionServicer::spawn_execution{wait_execution_completion=false}:inject_legacy_env_vars:override_dc_env_vars: execution_wrapper::dc_env_vars: Updated env AZUREML_SERVICE_ENDPOINT for spawned process
2025-03-12T08:27:35.477078Z  INFO ExecutionServicer::run:ExecutionServicer::spawn_execution{wait_execution_completion=false}:inject_legacy_env_vars:override_dc_env_vars: execution_wrapper::dc_env_vars: Updated env AZUREML_SERVICE_CERT_ENDPOINT for spawned process
2025-03-12T08:27:35.477095Z  INFO ExecutionServicer::run:ExecutionServicer::spawn_execution{wait_execution_completion=false}:inject_legacy_env_vars:override_dc_env_vars: execution_wrapper::dc_env_vars: Updated env AZUREML_DISCOVERY_SERVICE_ENDPOINT for spawned process
2025-03-12T08:27:35.477110Z  INFO ExecutionServicer::run:ExecutionServicer::spawn_execution{wait_execution_completion=false}:inject_legacy_env_vars:override_dc_env_vars: execution_wrapper::dc_env_vars: Env var AZUREML_DEV_URL_MLFLOW is empty for current process
2025-03-12T08:27:35.477146Z  INFO ExecutionServicer::run:ExecutionServicer::spawn_execution{wait_execution_completion=false}:inject_legacy_env_vars:override_dc_env_vars: execution_wrapper::dc_env_vars: Updated env AZUREML_RUN_HISTORY_SERVICE_ENDPOINT for spawned process
2025-03-12T08:27:35.477164Z  INFO ExecutionServicer::run:ExecutionServicer::spawn_execution{wait_execution_completion=false}:inject_legacy_env_vars:override_dc_env_vars: execution_wrapper::dc_env_vars: close time.busy=176µs time.idle=2.90µs
2025-03-12T08:27:35.477177Z  INFO ExecutionServicer::run:ExecutionServicer::spawn_execution{wait_execution_completion=false}:inject_legacy_env_vars: execution_wrapper::legacy_env_vars: close time.busy=574µs time.idle=6.60µs
2025-03-12T08:27:35.477196Z  INFO ExecutionServicer::run:ExecutionServicer::spawn_execution{wait_execution_completion=false}: execution_wrapper::infiniband_utils: Is InfiniBand device present: false infiniband_device_path="/dev/infiniband/uverbs0"
2025-03-12T08:27:35.477262Z  INFO ExecutionServicer::run:ExecutionServicer::spawn_execution{wait_execution_completion=false}: execution_wrapper::service: Spawning execution
2025-03-12T08:27:35.486744Z  INFO ExecutionServicer::run:ExecutionServicer::spawn_execution{wait_execution_completion=false}:Execution::parse_commands: execution_wrapper::command_resolvers::shell: Using detected user shell: "/bin/bash" shell="/bin/bash"
2025-03-12T08:27:35.486873Z  INFO ExecutionServicer::run:ExecutionServicer::spawn_execution{wait_execution_completion=false}:Execution::parse_commands: execution_wrapper::execution: close time.busy=9.17ms time.idle=4.20µs
2025-03-12T08:27:35.487959Z  INFO ExecutionServicer::run:ExecutionServicer::spawn_execution{wait_execution_completion=false}:Execution::spawn{wait_execution_completion=false}: execution_wrapper::execution: Spawning target process
2025-03-12T08:27:35.489778Z  INFO ExecutionServicer::run:ExecutionServicer::spawn_execution{wait_execution_completion=false}:Execution::spawn{wait_execution_completion=false}: execution_wrapper::execution: execution process spawned pid=14
2025-03-12T08:27:35.490176Z  INFO execution_wrapper::execution: start waiting for processes execution to complete num_processes=1
2025-03-12T08:27:35.490591Z  INFO Execution::wait_for_completion: execution_wrapper::execution::process_manager: ProcessManagerExecution state changing from PendingExecution to PendingExecution
2025-03-12T08:27:36.963705Z  INFO Execution::wait_for_completion: execution_wrapper::execution::process_manager: ProcessManagerExecution state changing from PendingExecution to ExecutionCompleted
2025-03-12T08:27:36.963860Z  INFO Execution::wait_for_completion: execution_wrapper::execution::process_manager: Start collecting process exit statuses
2025-03-12T08:27:36.963904Z  INFO Execution::wait_for_completion: execution_wrapper::execution::process_manager: Successfully collected the exit status of user process pid=14 process_name=python killed_by_process_manager=false
2025-03-12T08:27:36.963955Z  INFO Execution::wait_for_completion: execution_wrapper::execution::process_manager: Process manager successfully collected the exit statuses of all user processes on current node
2025-03-12T08:27:36.963992Z  INFO Execution::wait_for_completion: execution_wrapper::execution::process_manager: ProcessManagerExecution state changing from ExecutionCompleted to CleanupStreamingTasks
2025-03-12T08:27:36.964041Z  INFO Execution::wait_for_completion: execution_wrapper::execution::process_manager: Start cleaning up execution log streaming tasks
2025-03-12T08:27:36.964086Z  INFO Execution::wait_for_completion: execution_wrapper::execution::process_manager: Process manager successfully aborted all streaming tasks for current execution
2025-03-12T08:27:36.964133Z  INFO Execution::wait_for_completion: execution_wrapper::execution: Gathered execution result for rank 0 process_rank=0 exit_code=0 stderr_path=Some("user_logs/std_log.txt")
2025-03-12T08:27:36.964238Z  INFO Execution::wait_for_completion: execution_wrapper::execution: [wait_for_completion] execution process completed.
2025-03-12T08:27:36.964382Z  WARN Execution::wait_for_completion:ExecutionFinalizer::on_exit:ExecutionFinalizer::complete_execution: grpc_utils::span: failed to inject span context to grpc request
2025-03-12T08:27:36.964494Z  INFO Execution::wait_for_completion:ExecutionFinalizer::on_exit:ExecutionFinalizer::complete_execution:execution-wrapper::connect_to_callback_service: execution_wrapper::service: connecting to callback endpoint: /mnt/azureml/cr/j/e9e9aea9df4c436fa18093ab294d0927/.grpc/lifecycler:0 client_address=/mnt/azureml/cr/j/e9e9aea9df4c436fa18093ab294d0927/.grpc/lifecycler:0
2025-03-12T08:27:36.964739Z  INFO Execution::wait_for_completion:ExecutionFinalizer::on_exit:ExecutionFinalizer::complete_execution:execution-wrapper::connect_to_callback_service:connect: grpc_utils::endpoint::connect: Connecting to gRPC service endpoint=Uds("/mnt/azureml/cr/j/e9e9aea9df4c436fa18093ab294d0927/.grpc/lifecycler:0") retry=FixedIntervalRetry { attempt_timeout_millis: 50, retry_delay_millis: 10, max_duration: 600s }
2025-03-12T08:27:36.965286Z  INFO Execution::wait_for_completion:ExecutionFinalizer::on_exit:ExecutionFinalizer::complete_execution:execution-wrapper::connect_to_callback_service:connect: grpc_utils::endpoint::connect: Successfully connected to gRPC service endpoint=Uds("/mnt/azureml/cr/j/e9e9aea9df4c436fa18093ab294d0927/.grpc/lifecycler:0")
2025-03-12T08:27:36.965411Z  INFO Execution::wait_for_completion:ExecutionFinalizer::on_exit:ExecutionFinalizer::complete_execution:execution-wrapper::connect_to_callback_service:connect: grpc_utils::endpoint::connect: close time.busy=422µs time.idle=256µs
2025-03-12T08:27:36.965472Z  INFO Execution::wait_for_completion:ExecutionFinalizer::on_exit:ExecutionFinalizer::complete_execution:execution-wrapper::connect_to_callback_service: execution_wrapper::service: close time.busy=733µs time.idle=253µs
2025-03-12T08:27:36.966439Z  INFO Execution::wait_for_completion:ExecutionFinalizer::on_exit:ExecutionFinalizer::complete_execution: execution_wrapper::service: Completed execution id=940e0e2f-67c2-468c-a927-6a515e6edbc1
2025-03-12T08:27:36.966543Z  INFO Execution::wait_for_completion:ExecutionFinalizer::on_exit:ExecutionFinalizer::complete_execution: execution_wrapper::service: close time.busy=1.03ms time.idle=1.14ms
2025-03-12T08:27:36.966556Z  INFO Execution::wait_for_completion:ExecutionFinalizer::on_exit: execution_wrapper::service: close time.busy=1.08ms time.idle=1.17ms
2025-03-12T08:27:36.966565Z  INFO ExecutionServicer::run:ExecutionServicer::spawn_execution{wait_execution_completion=false}:Execution::spawn{wait_execution_completion=false}: execution_wrapper::execution: close time.busy=2.92ms time.idle=1.48s
2025-03-12T08:27:36.967234Z  INFO ExecutionServicer::run:ExecutionServicer::spawn_execution{wait_execution_completion=false}: execution_wrapper::service: close time.busy=13.9ms time.idle=1.48s
2025-03-12T08:27:36.967248Z  INFO ExecutionServicer::run: execution_wrapper::service: close time.busy=14.0ms time.idle=1.48s
2025-03-12T08:27:36.967256Z  INFO Execution::wait_for_completion: execution_wrapper::execution: close time.busy=2.78ms time.idle=1.47s
2025-03-12T08:27:36.967282Z  INFO execution_wrapper::execution: process execution completed
